  Camera.cpp
  DiretionalLight.cpp
  Egg.cpp
C:\Users\Qneds\source\repos\GKiKCK\Zadanie5\Zadanie5\Egg.cpp(12,20): warning C4018: '<': signed/unsigned mismatch
C:\Users\Qneds\source\repos\GKiKCK\Zadanie5\Zadanie5\Egg.cpp(24,20): warning C4018: '<': signed/unsigned mismatch
C:\Users\Qneds\source\repos\GKiKCK\Zadanie5\Zadanie5\Egg.cpp(58,21): warning C4018: '<': signed/unsigned mismatch
C:\Users\Qneds\source\repos\GKiKCK\Zadanie5\Zadanie5\Egg.cpp(59,23): warning C4018: '<': signed/unsigned mismatch
C:\Users\Qneds\source\repos\GKiKCK\Zadanie5\Zadanie5\Egg.cpp(162,20): warning C4018: '<': signed/unsigned mismatch
C:\Users\Qneds\source\repos\GKiKCK\Zadanie5\Zadanie5\Egg.cpp(165,22): warning C4018: '<': signed/unsigned mismatch
C:\Users\Qneds\source\repos\GKiKCK\Zadanie5\Zadanie5\Egg.cpp(193,13): warning C4018: '>=': signed/unsigned mismatch
  LightSource.cpp
  Main.cpp
C:\Users\Qneds\source\repos\GKiKCK\Zadanie5\Zadanie5\Main.cpp(198,23): warning C4018: '<': signed/unsigned mismatch
C:\Users\Qneds\source\repos\GKiKCK\Zadanie5\Zadanie5\Main.cpp(199,25): warning C4018: '<': signed/unsigned mismatch
C:\Users\Qneds\source\repos\GKiKCK\Zadanie5\Zadanie5\Main.cpp(200,13): warning C4018: '<': signed/unsigned mismatch
C:\Users\Qneds\source\repos\GKiKCK\Zadanie5\Zadanie5\Main.cpp(200,27): warning C4018: '<': signed/unsigned mismatch
C:\Users\Qneds\source\repos\GKiKCK\Zadanie5\Zadanie5\Main.cpp(205,20): warning C4018: '<': signed/unsigned mismatch
C:\Users\Qneds\source\repos\GKiKCK\Zadanie5\Zadanie5\Main.cpp(205,34): warning C4018: '>=': signed/unsigned mismatch
C:\Users\Qneds\source\repos\GKiKCK\Zadanie5\Zadanie5\Main.cpp(211,20): warning C4018: '>=': signed/unsigned mismatch
C:\Users\Qneds\source\repos\GKiKCK\Zadanie5\Zadanie5\Main.cpp(211,35): warning C4018: '<': signed/unsigned mismatch
  Material.cpp
  Mouse.cpp
  PointLight.cpp
  Texture.cpp
  Generating code
  Previous IPDB not found, fall back to full compilation.
  All 301 functions were compiled because no usable IPDB/IOBJ from previous compilation was found.
  Finished generating code
  Zadanie5.vcxproj -> C:\Users\Qneds\source\repos\GKiKCK\Zadanie5\Release\Zadanie5.exe
